== npm run build ==

> frontend@0.1.0 build
> next build

⚠ Warning: Next.js inferred your workspace root, but it may not be correct.
 We detected multiple lockfiles and selected the directory of /home/ezekiel001/Harvest-Finance/package-lock.json as the root directory.
 To silence this warning, set `turbopack.root` in your Next.js config, or consider removing one of the lockfiles if it's not needed.
   See https://nextjs.org/docs/app/api-reference/config/next-config-js/turbopack#root-directory for more information.
 Detected additional lockfiles: 
   * /home/ezekiel001/Harvest-Finance/harvest-finance/frontend/package-lock.json
   * /home/ezekiel001/Harvest-Finance/harvest-finance/package-lock.json

▲ Next.js 16.1.6 (Turbopack)

  Creating an optimized production build ...
✓ Compiled successfully in 21.7s
  Running TypeScript ...
  Collecting page data using 3 workers ...
  Generating static pages using 3 workers (0/20) ...
  Generating static pages using 3 workers (5/20) 
  Generating static pages using 3 workers (10/20) 
  Generating static pages using 3 workers (15/20) 
✓ Generating static pages using 3 workers (20/20) in 1429.2ms
  Finalizing page optimization ...

Route (app)
┌ ○ /
├ ○ /_not-found
├ ○ /admin/dashboard
├ ○ /admin/realtime
├ ƒ /api/v1/ai-assistant/chat
├ ƒ /api/v1/ai-assistant/recommend
├ ƒ /api/v1/seasonal-tips
├ ○ /components-demo
├ ○ /dashboard
├ ○ /dashboard/farm-vaults
├ ○ /forgot-password
├ ○ /login
├ ○ /portfolio
├ ○ /realtime
├ ○ /reset-password
├ ○ /signup
├ ○ /transactions
└ ○ /vaults


○  (Static)   prerendered as static content
ƒ  (Dynamic)  server-rendered on demand

